Flow report for RedNeuronal_NiosII
Mon Jan 08 01:19:20 2024
Quartus Prime Version 18.1.0 Build 625 09/12/2018 SJ Lite Edition


---------------------
; Table of Contents ;
---------------------
  1. Legal Notice
  2. Flow Summary
  3. Flow Settings
  4. Flow Non-Default Global Settings
  5. Flow Elapsed Time
  6. Flow OS Summary
  7. Flow Log
  8. Flow Messages
  9. Flow Suppressed Messages



----------------
; Legal Notice ;
----------------
Copyright (C) 2018  Intel Corporation. All rights reserved.
Your use of Intel Corporation's design tools, logic functions 
and other software and tools, and its AMPP partner logic 
functions, and any output files from any of the foregoing 
(including device programming or simulation files), and any 
associated documentation or information are expressly subject 
to the terms and conditions of the Intel Program License 
Subscription Agreement, the Intel Quartus Prime License Agreement,
the Intel FPGA IP License Agreement, or other applicable license
agreement, including, without limitation, that your use is for
the sole purpose of programming logic devices manufactured by
Intel and sold by Intel or its authorized distributors.  Please
refer to the applicable agreement for further details.



+-------------------------------------------------------------------------------+
; Flow Summary                                                                  ;
+---------------------------------+---------------------------------------------+
; Flow Status                     ; Successful - Mon Jan 08 01:19:20 2024       ;
; Quartus Prime Version           ; 18.1.0 Build 625 09/12/2018 SJ Lite Edition ;
; Revision Name                   ; RedNeuronal_NiosII                          ;
; Top-level Entity Name           ; RedNeuronal_NiosII                          ;
; Family                          ; Cyclone V                                   ;
; Device                          ; 5CSXFC6D6F31C6                              ;
; Timing Models                   ; Final                                       ;
; Logic utilization (in ALMs)     ; 836 / 41,910 ( 2 % )                        ;
; Total registers                 ; 951                                         ;
; Total pins                      ; 1 / 499 ( < 1 % )                           ;
; Total virtual pins              ; 0                                           ;
; Total block memory bits         ; 3,288,064 / 5,662,720 ( 58 % )              ;
; Total DSP Blocks                ; 0 / 112 ( 0 % )                             ;
; Total HSSI RX PCSs              ; 0 / 9 ( 0 % )                               ;
; Total HSSI PMA RX Deserializers ; 0 / 9 ( 0 % )                               ;
; Total HSSI TX PCSs              ; 0 / 9 ( 0 % )                               ;
; Total HSSI PMA TX Serializers   ; 0 / 9 ( 0 % )                               ;
; Total PLLs                      ; 0 / 15 ( 0 % )                              ;
; Total DLLs                      ; 0 / 4 ( 0 % )                               ;
+---------------------------------+---------------------------------------------+


+-----------------------------------------+
; Flow Settings                           ;
+-------------------+---------------------+
; Option            ; Setting             ;
+-------------------+---------------------+
; Start date & time ; 01/08/2024 01:16:37 ;
; Main task         ; Compilation         ;
; Revision Name     ; RedNeuronal_NiosII  ;
+-------------------+---------------------+


+-----------------------------------------------------------------------------------------------------------------------------------------------------------+
; Flow Non-Default Global Settings                                                                                                                          ;
+-------------------------------------+----------------------------------------------------------------------+---------------+-------------+----------------+
; Assignment Name                     ; Value                                                                ; Default Value ; Entity Name ; Section Id     ;
+-------------------------------------+----------------------------------------------------------------------+---------------+-------------+----------------+
; COMPILER_SIGNATURE_ID               ; 79846620390388.170469459704652                                       ; --            ; --          ; --             ;
; EDA_OUTPUT_DATA_FORMAT              ; Verilog Hdl                                                          ; --            ; --          ; eda_simulation ;
; EDA_SIMULATION_TOOL                 ; ModelSim-Altera (Verilog)                                            ; <None>        ; --          ; --             ;
; EDA_TIME_SCALE                      ; 1 ps                                                                 ; --            ; --          ; eda_simulation ;
; MAX_CORE_JUNCTION_TEMP              ; 85                                                                   ; --            ; --          ; --             ;
; MIN_CORE_JUNCTION_TEMP              ; 0                                                                    ; --            ; --          ; --             ;
; MISC_FILE                           ; RedNeuronal_NiosII/synthesis/../RedNeuronal_NiosII.cmp               ; --            ; --          ; --             ;
; MISC_FILE                           ; RedNeuronal_NiosII/synthesis/../../RedNeuronal_NiosII.qsys           ; --            ; --          ; --             ;
; PARTITION_COLOR                     ; -- (Not supported for targeted family)                               ; --            ; --          ; Top            ;
; PARTITION_FITTER_PRESERVATION_LEVEL ; -- (Not supported for targeted family)                               ; --            ; --          ; Top            ;
; PARTITION_NETLIST_TYPE              ; -- (Not supported for targeted family)                               ; --            ; --          ; Top            ;
; POWER_BOARD_THERMAL_MODEL           ; None (CONSERVATIVE)                                                  ; --            ; --          ; --             ;
; POWER_PRESET_COOLING_SOLUTION       ; 23 MM HEAT SINK WITH 200 LFPM AIRFLOW                                ; --            ; --          ; --             ;
; PROJECT_OUTPUT_DIRECTORY            ; output_files                                                         ; --            ; --          ; --             ;
; SLD_FILE                            ; RedNeuronal_NiosII/synthesis/RedNeuronal_NiosII.regmap               ; --            ; --          ; --             ;
; SLD_FILE                            ; RedNeuronal_NiosII/synthesis/RedNeuronal_NiosII.debuginfo            ; --            ; --          ; --             ;
; SLD_INFO                            ; QSYS_NAME RedNeuronal_NiosII HAS_SOPCINFO 1 GENERATION_ID 1704694377 ; --            ; --          ; --             ;
; SOPCINFO_FILE                       ; RedNeuronal_NiosII/synthesis/../../RedNeuronal_NiosII.sopcinfo       ; --            ; --          ; --             ;
; SYNTHESIS_ONLY_QIP                  ; On                                                                   ; --            ; --          ; --             ;
+-------------------------------------+----------------------------------------------------------------------+---------------+-------------+----------------+


+--------------------------------------------------------------------------------------------------------------------------+
; Flow Elapsed Time                                                                                                        ;
+----------------------+--------------+-------------------------+---------------------+------------------------------------+
; Module Name          ; Elapsed Time ; Average Processors Used ; Peak Virtual Memory ; Total CPU Time (on all processors) ;
+----------------------+--------------+-------------------------+---------------------+------------------------------------+
; Analysis & Synthesis ; 00:00:34     ; 1.0                     ; 4974 MB             ; 00:00:24                           ;
; Fitter               ; 00:01:31     ; 1.2                     ; 6737 MB             ; 00:01:44                           ;
; Assembler            ; 00:00:11     ; 1.0                     ; 4892 MB             ; 00:00:04                           ;
; Timing Analyzer      ; 00:00:17     ; 2.1                     ; 5245 MB             ; 00:00:18                           ;
; EDA Netlist Writer   ; 00:00:03     ; 1.0                     ; 4814 MB             ; 00:00:01                           ;
; Total                ; 00:02:36     ; --                      ; --                  ; 00:02:31                           ;
+----------------------+--------------+-------------------------+---------------------+------------------------------------+


+------------------------------------------------------------------------------------+
; Flow OS Summary                                                                    ;
+----------------------+------------------+------------+------------+----------------+
; Module Name          ; Machine Hostname ; OS Name    ; OS Version ; Processor type ;
+----------------------+------------------+------------+------------+----------------+
; Analysis & Synthesis ; LAPTOP-HJSLHTAV  ; Windows 10 ; 10.0       ; x86_64         ;
; Fitter               ; LAPTOP-HJSLHTAV  ; Windows 10 ; 10.0       ; x86_64         ;
; Assembler            ; LAPTOP-HJSLHTAV  ; Windows 10 ; 10.0       ; x86_64         ;
; Timing Analyzer      ; LAPTOP-HJSLHTAV  ; Windows 10 ; 10.0       ; x86_64         ;
; EDA Netlist Writer   ; LAPTOP-HJSLHTAV  ; Windows 10 ; 10.0       ; x86_64         ;
+----------------------+------------------+------------+------------+----------------+


------------
; Flow Log ;
------------
quartus_map --read_settings_files=on --write_settings_files=off RedNeuronal_NiosII -c RedNeuronal_NiosII
quartus_fit --read_settings_files=off --write_settings_files=off RedNeuronal_NiosII -c RedNeuronal_NiosII
quartus_asm --read_settings_files=off --write_settings_files=off RedNeuronal_NiosII -c RedNeuronal_NiosII
quartus_sta RedNeuronal_NiosII -c RedNeuronal_NiosII
quartus_eda --read_settings_files=off --write_settings_files=off RedNeuronal_NiosII -c RedNeuronal_NiosII



